  Source.cpp
C:\Users\minic\source\repos\Unidad 4\Source.cpp(20,22): warning C4244: 'inicializando': conversión de 'T' a 'float'; posible pérdida de datos
C:\Users\minic\source\repos\Unidad 4\Source.cpp(20,22): warning C4244:         with
C:\Users\minic\source\repos\Unidad 4\Source.cpp(20,22): warning C4244:         [
C:\Users\minic\source\repos\Unidad 4\Source.cpp(20,22): warning C4244:             T=unsigned int
C:\Users\minic\source\repos\Unidad 4\Source.cpp(20,22): warning C4244:         ]
C:\Users\minic\source\repos\Unidad 4\Source.cpp(21,24): warning C4244: 'inicializando': conversión de 'T' a 'float'; posible pérdida de datos
C:\Users\minic\source\repos\Unidad 4\Source.cpp(21,24): warning C4244:         with
C:\Users\minic\source\repos\Unidad 4\Source.cpp(21,24): warning C4244:         [
C:\Users\minic\source\repos\Unidad 4\Source.cpp(21,24): warning C4244:             T=unsigned int
C:\Users\minic\source\repos\Unidad 4\Source.cpp(21,24): warning C4244:         ]
C:\Users\minic\source\repos\Unidad 4\Source.cpp(52,73): warning C4244: 'argumento': conversión de 'int' a 'T'; posible pérdida de datos
C:\Users\minic\source\repos\Unidad 4\Source.cpp(52,73): warning C4244:         with
C:\Users\minic\source\repos\Unidad 4\Source.cpp(52,73): warning C4244:         [
C:\Users\minic\source\repos\Unidad 4\Source.cpp(52,73): warning C4244:             T=float
C:\Users\minic\source\repos\Unidad 4\Source.cpp(52,73): warning C4244:         ]
C:\Users\minic\source\repos\Unidad 4\Source.cpp(52,52): warning C4244: 'argumento': conversión de 'int' a 'T'; posible pérdida de datos
C:\Users\minic\source\repos\Unidad 4\Source.cpp(52,52): warning C4244:         with
C:\Users\minic\source\repos\Unidad 4\Source.cpp(52,52): warning C4244:         [
C:\Users\minic\source\repos\Unidad 4\Source.cpp(52,52): warning C4244:             T=float
C:\Users\minic\source\repos\Unidad 4\Source.cpp(52,52): warning C4244:         ]
C:\Users\minic\source\repos\Unidad 4\Source.cpp(65,69): warning C4244: 'argumento': conversión de 'int' a 'T'; posible pérdida de datos
C:\Users\minic\source\repos\Unidad 4\Source.cpp(65,69): warning C4244:         with
C:\Users\minic\source\repos\Unidad 4\Source.cpp(65,69): warning C4244:         [
C:\Users\minic\source\repos\Unidad 4\Source.cpp(65,69): warning C4244:             T=float
C:\Users\minic\source\repos\Unidad 4\Source.cpp(65,69): warning C4244:         ]
C:\Users\minic\source\repos\Unidad 4\Source.cpp(65,50): warning C4244: 'argumento': conversión de 'int' a 'T'; posible pérdida de datos
C:\Users\minic\source\repos\Unidad 4\Source.cpp(65,50): warning C4244:         with
C:\Users\minic\source\repos\Unidad 4\Source.cpp(65,50): warning C4244:         [
C:\Users\minic\source\repos\Unidad 4\Source.cpp(65,50): warning C4244:             T=float
C:\Users\minic\source\repos\Unidad 4\Source.cpp(65,50): warning C4244:         ]
  Unidad 4.vcxproj -> C:\Users\minic\source\repos\Unidad 4\Debug\Unidad 4.exe
